C:\USERS\USER\DESKTOP\OGRE\ASSIGNMENT2\OGREAPP1\BIN\RELEASE\OGREAPP1.EXE
C:\USERS\USER\DESKTOP\OGRE\ASSIGNMENT2\OGREAPP1\OBJ\RELEASE\BASEAPPLICATION.OBJ
C:\Users\User\Desktop\Ogre\Assignment2\OgreApp1\obj\Release\cl.command.1.tlog
C:\Users\User\Desktop\Ogre\Assignment2\OgreApp1\obj\Release\CL.read.1.tlog
C:\Users\User\Desktop\Ogre\Assignment2\OgreApp1\obj\Release\CL.write.1.tlog
C:\USERS\USER\DESKTOP\OGRE\ASSIGNMENT2\OGREAPP1\OBJ\RELEASE\FLOOR.OBJ
C:\Users\User\Desktop\Ogre\Assignment2\OgreApp1\obj\Release\link.command.1.tlog
C:\Users\User\Desktop\Ogre\Assignment2\OgreApp1\obj\Release\link.read.1.tlog
C:\Users\User\Desktop\Ogre\Assignment2\OgreApp1\obj\Release\link.write.1.tlog
C:\Users\User\Desktop\Ogre\Assignment2\OgreApp1\obj\Release\link-cvtres.read.1.tlog
C:\Users\User\Desktop\Ogre\Assignment2\OgreApp1\obj\Release\link-cvtres.write.1.tlog
C:\Users\User\Desktop\Ogre\Assignment2\OgreApp1\obj\Release\mt.command.1.tlog
C:\Users\User\Desktop\Ogre\Assignment2\OgreApp1\obj\Release\mt.read.1.tlog
C:\Users\User\Desktop\Ogre\Assignment2\OgreApp1\obj\Release\mt.write.1.tlog
C:\USERS\USER\DESKTOP\OGRE\ASSIGNMENT2\OGREAPP1\OBJ\RELEASE\OGREAPP1.EXE.INTERMEDIATE.MANIFEST
C:\USERS\USER\DESKTOP\OGRE\ASSIGNMENT2\OGREAPP1\OBJ\RELEASE\OGREAPP1.OBJ
C:\USERS\USER\DESKTOP\OGRE\ASSIGNMENT2\OGREAPP1\OBJ\RELEASE\OGREAPP1.RES
C:\USERS\USER\DESKTOP\OGRE\ASSIGNMENT2\OGREAPP1\OBJ\RELEASE\OPPONENT.OBJ
C:\USERS\USER\DESKTOP\OGRE\ASSIGNMENT2\OGREAPP1\OBJ\RELEASE\PLAYER.OBJ
C:\Users\User\Desktop\Ogre\Assignment2\OgreApp1\obj\Release\rc.command.1.tlog
C:\Users\User\Desktop\Ogre\Assignment2\OgreApp1\obj\Release\rc.read.1.tlog
C:\Users\User\Desktop\Ogre\Assignment2\OgreApp1\obj\Release\rc.write.1.tlog
C:\Users\User\Desktop\Ogre\Assignment2\OgreApp1\obj\Release\vc100.idb
C:\USERS\USER\DESKTOP\OGRE\ASSIGNMENT2\OGREAPP1\OBJ\RELEASE\VC100.PDB
C:\USERS\USER\DESKTOP\OGRE\BASICTUTORIAL2\OGREAPP1\BIN\RELEASE\OGREAPP1.EXE
C:\USERS\USER\DESKTOP\OGRE\BASICTUTORIAL2\OGREAPP1\OBJ\RELEASE\BASEAPPLICATION.OBJ
C:\USERS\USER\DESKTOP\OGRE\BASICTUTORIAL2\OGREAPP1\OBJ\RELEASE\OGREAPP1.EXE.INTERMEDIATE.MANIFEST
C:\USERS\USER\DESKTOP\OGRE\BASICTUTORIAL2\OGREAPP1\OBJ\RELEASE\OGREAPP1.OBJ
C:\USERS\USER\DESKTOP\OGRE\BASICTUTORIAL2\OGREAPP1\OBJ\RELEASE\OGREAPP1.RES
C:\USERS\USER\DESKTOP\OGRE\BASICTUTORIAL2\OGREAPP1\OBJ\RELEASE\VC100.PDB
C:\USERS\USER\DESKTOP\OGREAPP1\OGREAPP1\BIN\RELEASE\OGREAPP1.EXE
C:\USERS\USER\DESKTOP\OGREAPP1\OGREAPP1\OBJ\RELEASE\BASEAPPLICATION.OBJ
C:\USERS\USER\DESKTOP\OGREAPP1\OGREAPP1\OBJ\RELEASE\OGREAPP1.EXE.INTERMEDIATE.MANIFEST
C:\USERS\USER\DESKTOP\OGREAPP1\OGREAPP1\OBJ\RELEASE\OGREAPP1.OBJ
C:\USERS\USER\DESKTOP\OGREAPP1\OGREAPP1\OBJ\RELEASE\OGREAPP1.RES
C:\USERS\USER\DESKTOP\OGREAPP1\OGREAPP1\OBJ\RELEASE\VC100.PDB
