Build started 07/04/2014 18:29:41.
     1>Project "C:\Users\User\Desktop\OgreApp1\OgreApp1\OgreApp1.vcxproj" on node 2 (build target(s)).
     1>InitializeBuildStatus:
         Creating "obj\Debug\OgreApp1.unsuccessfulbuild" because "AlwaysCreate" was specified.
       ClCompile:
         All outputs are up-to-date.
       ResourceCompile:
         All outputs are up-to-date.
       ManifestResourceCompile:
         All outputs are up-to-date.
       Link:
         All outputs are up-to-date.
       Manifest:
         All outputs are up-to-date.
       PostBuildEvent:
         Description: Copying exe to samples bin directory ...
         copy "bin\Debug\\OgreApp1.exe" "C:\OgreSDK_vc10_v1-8-1\Bin\Debug"
         :VCEnd
                 1 file(s) copied.
       FinalizeBuildStatus:
         Deleting file "obj\Debug\OgreApp1.unsuccessfulbuild".
         Touching "obj\Debug\OgreApp1.lastbuildstate".
     1>Done Building Project "C:\Users\User\Desktop\OgreApp1\OgreApp1\OgreApp1.vcxproj" (build target(s)).

Build succeeded.

Time Elapsed 00:00:01.20
